{
  "stats": {
    "suites": 1,
    "tests": 8,
    "passes": 8,
    "pending": 0,
    "failures": 0,
    "start": "2023-01-05T20:24:58.860Z",
    "end": "2023-01-05T20:26:52.354Z",
    "duration": 113494,
    "testsRegistered": 8,
    "passPercent": 100,
    "pendingPercent": 0,
    "other": 0,
    "hasOther": false,
    "skipped": 0,
    "hasSkipped": false
  },
  "results": [
    {
      "uuid": "6dd64b7b-a620-49ce-91fe-a93256c08e3f",
      "title": "",
      "fullFile": "cypress\\e2e\\curedao\\variables_spec.cy.js",
      "file": "cypress\\e2e\\curedao\\variables_spec.cy.js",
      "beforeHooks": [],
      "afterHooks": [],
      "tests": [],
      "suites": [
        {
          "uuid": "ac135031-7b0d-4097-b6e1-b1feedbd45eb",
          "title": "Variables",
          "fullFile": "",
          "file": "",
          "beforeHooks": [],
          "afterHooks": [],
          "tests": [
            {
              "title": "Creates a new emotion variable by measurement",
              "fullTitle": "Variables Creates a new emotion variable by measurement",
              "timedOut": null,
              "duration": 23467,
              "state": "passed",
              "speed": "slow",
              "pass": true,
              "fail": false,
              "pending": false,
              "context": null,
              "code": "let variableCategoryName = 'Emotions';\ncy.loginWithAccessTokenIfNecessary(`/#/app/measurement-add-search?variableCategoryName=${variableCategoryName}`, true);\nlet d = new Date();\nlet variableName = `Unique Test Variable ${d.getTime()}`;\ncy.get('#variableSearchBox').type(variableName, {\n  force: true\n});\ncy.checkForBrokenImages();\ncy.get('#new-variable-button', {\n  timeout: 30000\n}).click({\n  force: true\n});\ncy.get('.primary-outcome-variable-history > img:nth-of-type(3)').click({\n  force: true\n});\ncy.get('#saveButton').click({\n  force: true\n});\ncy.wait('@post-measurement', {\n  timeout: 30000\n}).its('response.statusCode').should('eq', 201);\ncy.loginWithAccessTokenIfNecessary('/#/app/reminders-inbox', true);\nsearchForMoodFromMagnifyingGlassIcon(variableName);\ncy.clickActionSheetButtonContaining('Charts');\ncy.url().should('contain', 'charts');\ncy.log('Chart is present and titled');\n// TODO: Uncomment when we stop filtering numbers from displayName cy.contains(`${variableName} Over Time`, {timeout: 30000})\ncy.visitIonicAndSetApiOrigin(`/#/app/history-all?variableCategoryName=${variableCategoryName}`);\nverifyAndDeleteMeasurement(variableName);",
              "err": {},
              "uuid": "53b89f01-0bf7-4075-8ccf-a29d81adb6d6",
              "parentUUID": "ac135031-7b0d-4097-b6e1-b1feedbd45eb",
              "isHook": false,
              "skipped": false
            },
            {
              "title": "Creates reminder from the variable action sheet",
              "fullTitle": "Variables Creates reminder from the variable action sheet",
              "timedOut": null,
              "duration": 10961,
              "state": "passed",
              "speed": "slow",
              "pass": true,
              "fail": false,
              "pending": false,
              "context": null,
              "code": "cy.loginWithAccessTokenIfNecessary('/#/app/reminders-inbox', true);\nlet variableName = 'Overall Mood';\nsearchForMoodFromMagnifyingGlassIcon(variableName);\ncy.clickActionSheetButtonContaining('Add Reminder');\ncy.toastContains(variableName);",
              "err": {},
              "uuid": "69071aa9-699a-4e8b-b3f5-49089c119c19",
              "parentUUID": "ac135031-7b0d-4097-b6e1-b1feedbd45eb",
              "isHook": false,
              "skipped": false
            },
            {
              "title": "Creates study from the variable action sheet",
              "fullTitle": "Variables Creates study from the variable action sheet",
              "timedOut": null,
              "duration": 15617,
              "state": "passed",
              "speed": "slow",
              "pass": true,
              "fail": false,
              "pending": false,
              "context": null,
              "code": "cy.loginWithAccessTokenIfNecessary('/#/app/reminders-inbox', true);\nlet variableName = 'Overall Mood';\nsearchForMoodFromMagnifyingGlassIcon(variableName);\ncy.clickActionSheetButtonContaining('Create Study');\ncy.get('#effectVariableName', {\n  timeout: 10000\n}).should('contain', variableName);\nsearchForMoodFromMagnifyingGlassIcon(variableName);",
              "err": {},
              "uuid": "75277aa7-dbd0-4640-ad73-8212205c1a4e",
              "parentUUID": "ac135031-7b0d-4097-b6e1-b1feedbd45eb",
              "isHook": false,
              "skipped": false
            },
            {
              "title": "Records measurement from the variable action sheet",
              "fullTitle": "Variables Records measurement from the variable action sheet",
              "timedOut": null,
              "duration": 10431,
              "state": "passed",
              "speed": "slow",
              "pass": true,
              "fail": false,
              "pending": false,
              "context": null,
              "code": "cy.loginWithAccessTokenIfNecessary('/#/app/reminders-inbox', true);\nlet variableName = 'Overall Mood';\nsearchForMoodFromMagnifyingGlassIcon(variableName);\ncy.clickActionSheetButtonContaining('Record Measurement');\nrecordRatingMeasurement(3);",
              "err": {},
              "uuid": "0b788dd0-dbe2-41b6-b878-eed48f262928",
              "parentUUID": "ac135031-7b0d-4097-b6e1-b1feedbd45eb",
              "isHook": false,
              "skipped": false
            },
            {
              "title": "Goes to predictors page from the variable action sheet",
              "fullTitle": "Variables Goes to predictors page from the variable action sheet",
              "timedOut": null,
              "duration": 13227,
              "state": "passed",
              "speed": "slow",
              "pass": true,
              "fail": false,
              "pending": false,
              "context": null,
              "code": "cy.loginWithAccessTokenIfNecessary('/#/app/reminders-inbox', true);\nlet variableName = 'Overall Mood';\nsearchForMoodFromMagnifyingGlassIcon(variableName);\ncy.clickActionSheetButtonContaining('Predictors');\ncy.get('.item.item-avatar > p', {\n  timeout: 90000\n}).should('contain', variableName);",
              "err": {},
              "uuid": "566eafdd-045e-4698-9f2e-4cd252c84baa",
              "parentUUID": "ac135031-7b0d-4097-b6e1-b1feedbd45eb",
              "isHook": false,
              "skipped": false
            },
            {
              "title": "Changes and resets variable settings",
              "fullTitle": "Variables Changes and resets variable settings",
              "timedOut": null,
              "duration": 12936,
              "state": "passed",
              "speed": "slow",
              "pass": true,
              "fail": false,
              "pending": false,
              "context": null,
              "code": "let max = '10000';\nlet min = '1';\nlet delay = '2';\nlet duration = '5';\nlet filling = '0';\ncy.loginWithAccessTokenIfNecessary(settingsPath);\ncy.get('#resetButton', {\n  timeout: 30000\n}).click({\n  force: true\n});\ncy.assertInputValueEquals('#minimumAllowedValue', '0');\ncy.clearAndType('#minimumAllowedValue', min);\ncy.clearAndType('#maximumAllowedValue', max);\ncy.clearAndType('#onsetDelay', delay);\ncy.clearAndType('#durationOfAction', duration);\ncy.clearAndType('#fillingValue', filling);\ncy.get('#saveButton').click({\n  force: true\n});\n//cy.get('#helpInfoCardHeader > span:nth-child(2) > p', {timeout: 30000})\ncy.url().should('not.contain', 'variable-settings');\ncy.visitIonicAndSetApiOrigin(settingsPath);\ncy.wait(1500);\ncy.log(\"TODO: TEST TO MAKE SURE THE CHANGES STUCK. IT'S CURRENTLY VERY FLAKEY\");\ncy.log(\"minimumAllowedValue should be \" + min);\ncy.assertInputValueContains('#minimumAllowedValue', min);\ncy.log(\"maximumAllowedValue should be \" + max);\ncy.assertInputValueEquals('#maximumAllowedValue', max);\ncy.log(\"onsetDelay should be \" + delay);\ncy.assertInputValueEquals('#onsetDelay', delay);\ncy.log(\"durationOfAction should be \" + duration);\ncy.assertInputValueEquals('#durationOfAction', duration);\ncy.log(\"fillingValue should be \" + filling);\ncy.assertInputValueEquals('#fillingValue', filling);\ncy.get('#resetButton').click({\n  force: true,\n  timeout: 30000\n});\ncy.wait(1500);\n//cy.url().should('not.contain', 'variable-settings');\ncy.visit(settingsPath);\ncy.log(\"minimumAllowedValue should be 0\");\ncy.assertInputValueEquals('#minimumAllowedValue', '0');\ncy.log(\"maximumAllowedValue should be \" + max);\ncy.assertInputValueDoesNotContain('#maximumAllowedValue', max);\ncy.log(\"onsetDelay should be 0.5\");\ncy.assertInputValueEquals('#onsetDelay', '0.5');\ncy.log(\"durationOfAction should be 504\");\ncy.assertInputValueEquals('#durationOfAction', '504');",
              "err": {},
              "uuid": "67c45471-31f4-4ede-a646-4cecd49b68d4",
              "parentUUID": "ac135031-7b0d-4097-b6e1-b1feedbd45eb",
              "isHook": false,
              "skipped": false
            },
            {
              "title": "Goes to variable settings from chart page",
              "fullTitle": "Variables Goes to variable settings from chart page",
              "timedOut": null,
              "duration": 12830,
              "state": "passed",
              "speed": "slow",
              "pass": true,
              "fail": false,
              "pending": false,
              "context": null,
              "code": "cy.loginWithAccessTokenIfNecessary('/#/app/chart-search');\ncy.searchAndClickTopResult(variableName, true);\ncy.url().should('contain', chartsPath);\ncy.contains(variableName + \" Over Time\", {\n  timeout: 30000\n}).then(() => {\n  // Need to wait for variable for action sheet to work\n  cy.get('#menu-more-button').click({\n    force: true\n  });\n  cy.clickActionSheetButtonContaining(\"Settings\");\n  cy.wait(2000);\n  cy.url().should('contain', settingsPath);\n});",
              "err": {},
              "uuid": "f4e04b3c-e863-4865-85e3-ad391af33cfc",
              "parentUUID": "ac135031-7b0d-4097-b6e1-b1feedbd45eb",
              "isHook": false,
              "skipped": false
            },
            {
              "title": "Creates a new symptom rating variable by measurement",
              "fullTitle": "Variables Creates a new symptom rating variable by measurement",
              "timedOut": null,
              "duration": 13719,
              "state": "passed",
              "speed": "slow",
              "pass": true,
              "fail": false,
              "pending": false,
              "context": null,
              "code": "cy.loginWithAccessTokenIfNecessary(`/#/app/measurement-add-search`, true);\nlet d = new Date();\nlet variableString = `Unique Test Variable ${d.getTime()}`;\nlet variableCategoryName = 'Symptoms';\ncy.get('#variableSearchBox', {\n  timeout: 10000\n}).type(variableString, {\n  force: true\n});\ncy.get('#new-variable-button', {\n  timeout: 30000\n}).click({\n  force: true\n});\ncy.get('.scroll > #measurementAddCard > .list > .item > #variableCategorySelector').select(variableCategoryName);\ncy.get('.primary-outcome-variable-history > img:nth-of-type(3)').click({\n  force: true\n});\ncy.get('#saveButton').click({\n  force: true\n});\ncy.visitIonicAndSetApiOrigin(`/#/app/history-all?variableCategoryName=${variableCategoryName}`);\nverifyAndDeleteMeasurement(variableString);",
              "err": {},
              "uuid": "d8449a3b-fa91-4351-b64f-ee38199bf3a1",
              "parentUUID": "ac135031-7b0d-4097-b6e1-b1feedbd45eb",
              "isHook": false,
              "skipped": false
            }
          ],
          "suites": [],
          "passes": [
            "53b89f01-0bf7-4075-8ccf-a29d81adb6d6",
            "69071aa9-699a-4e8b-b3f5-49089c119c19",
            "75277aa7-dbd0-4640-ad73-8212205c1a4e",
            "0b788dd0-dbe2-41b6-b878-eed48f262928",
            "566eafdd-045e-4698-9f2e-4cd252c84baa",
            "67c45471-31f4-4ede-a646-4cecd49b68d4",
            "f4e04b3c-e863-4865-85e3-ad391af33cfc",
            "d8449a3b-fa91-4351-b64f-ee38199bf3a1"
          ],
          "failures": [],
          "pending": [],
          "skipped": [],
          "duration": 113188,
          "root": false,
          "rootEmpty": false,
          "_timeout": 2000
        }
      ],
      "passes": [],
      "failures": [],
      "pending": [],
      "skipped": [],
      "duration": 0,
      "root": true,
      "rootEmpty": true,
      "_timeout": 2000
    }
  ],
  "meta": {
    "mocha": {
      "version": "7.0.1"
    },
    "mochawesome": {
      "options": {
        "quiet": false,
        "reportFilename": "mochawesome",
        "saveHtml": true,
        "saveJson": true,
        "consoleReporter": "spec",
        "useInlineDiffs": false,
        "code": true
      },
      "version": "7.1.3"
    },
    "marge": {
      "options": {
        "id": "default",
        "reportDir": "cypress/reports/mocha",
        "quiet": false,
        "overwrite": true,
        "html": true,
        "json": true
      },
      "version": "6.2.0"
    }
  }
}